<?xml version="1.0" encoding="UTF-8"?>
<testsuite xmlns:xsi="http://www.w3.org/2001/XMLSchema-instance" xsi:noNamespaceSchemaLocation="https://maven.apache.org/surefire/maven-surefire-plugin/xsd/surefire-test-report.xsd" name="allTest.TestFunctions" time="5.716" tests="2" errors="0" skipped="0" failures="0">
  <properties>
    <property name="sun.desktop" value="windows"/>
    <property name="awt.toolkit" value="sun.awt.windows.WToolkit"/>
    <property name="file.encoding.pkg" value="sun.io"/>
    <property name="java.specification.version" value="1.8"/>
    <property name="sun.cpu.isalist" value="amd64"/>
    <property name="sun.jnu.encoding" value="Cp1252"/>
    <property name="java.class.path" value="E:\projet_Formulaire\target\test-classes;E:\projet_Formulaire\target\classes;C:\Users\Brice Dylane\.m2\repository\junit\junit\4.11\junit-4.11.jar;C:\Users\Brice Dylane\.m2\repository\org\hamcrest\hamcrest-core\1.3\hamcrest-core-1.3.jar;C:\Users\Brice Dylane\.m2\repository\javax\servlet\servlet-api\2.5\servlet-api-2.5.jar;C:\Users\Brice Dylane\.m2\repository\javax\servlet\jstl\1.2\jstl-1.2.jar;C:\Users\Brice Dylane\.m2\repository\javax\javaee-api\8.0.1\javaee-api-8.0.1.jar;C:\Users\Brice Dylane\.m2\repository\com\sun\mail\javax.mail\1.6.2\javax.mail-1.6.2.jar;C:\Users\Brice Dylane\.m2\repository\javax\activation\activation\1.1\activation-1.1.jar;C:\Users\Brice Dylane\.m2\repository\mysql\mysql-connector-java\8.0.20\mysql-connector-java-8.0.20.jar;C:\Users\Brice Dylane\.m2\repository\com\google\protobuf\protobuf-java\3.6.1\protobuf-java-3.6.1.jar;C:\Users\Brice Dylane\.m2\repository\org\postgresql\postgresql\42.2.12\postgresql-42.2.12.jar;C:\Users\Brice Dylane\.m2\repository\com\github\jsimone\webapp-runner\9.0.11.0\webapp-runner-9.0.11.0.jar;C:\Users\Brice Dylane\.m2\repository\org\apache\tomcat\embed\tomcat-embed-core\9.0.11\tomcat-embed-core-9.0.11.jar;C:\Users\Brice Dylane\.m2\repository\org\apache\tomcat\tomcat-annotations-api\9.0.11\tomcat-annotations-api-9.0.11.jar;C:\Users\Brice Dylane\.m2\repository\org\apache\tomcat\embed\tomcat-embed-logging-juli\9.0.0.M6\tomcat-embed-logging-juli-9.0.0.M6.jar;C:\Users\Brice Dylane\.m2\repository\org\apache\tomcat\embed\tomcat-embed-jasper\9.0.11\tomcat-embed-jasper-9.0.11.jar;C:\Users\Brice Dylane\.m2\repository\org\apache\tomcat\embed\tomcat-embed-el\9.0.11\tomcat-embed-el-9.0.11.jar;C:\Users\Brice Dylane\.m2\repository\org\eclipse\jdt\ecj\3.13.102\ecj-3.13.102.jar;C:\Users\Brice Dylane\.m2\repository\org\apache\tomcat\tomcat-jasper\9.0.11\tomcat-jasper-9.0.11.jar;C:\Users\Brice Dylane\.m2\repository\org\apache\tomcat\tomcat-servlet-api\9.0.11\tomcat-servlet-api-9.0.11.jar;C:\Users\Brice Dylane\.m2\repository\org\apache\tomcat\tomcat-juli\9.0.11\tomcat-juli-9.0.11.jar;C:\Users\Brice Dylane\.m2\repository\org\apache\tomcat\tomcat-el-api\9.0.11\tomcat-el-api-9.0.11.jar;C:\Users\Brice Dylane\.m2\repository\org\apache\tomcat\tomcat-api\9.0.11\tomcat-api-9.0.11.jar;C:\Users\Brice Dylane\.m2\repository\org\apache\tomcat\tomcat-util-scan\9.0.11\tomcat-util-scan-9.0.11.jar;C:\Users\Brice Dylane\.m2\repository\org\apache\tomcat\tomcat-util\9.0.11\tomcat-util-9.0.11.jar;C:\Users\Brice Dylane\.m2\repository\org\apache\tomcat\tomcat-jasper-el\9.0.11\tomcat-jasper-el-9.0.11.jar;C:\Users\Brice Dylane\.m2\repository\org\apache\tomcat\tomcat-jsp-api\9.0.11\tomcat-jsp-api-9.0.11.jar;C:\Users\Brice Dylane\.m2\repository\org\apache\tomcat\embed\tomcat-embed-websocket\9.0.11\tomcat-embed-websocket-9.0.11.jar;C:\Users\Brice Dylane\.m2\repository\com\beust\jcommander\1.72\jcommander-1.72.jar;C:\Users\Brice Dylane\.m2\repository\commons-io\commons-io\2.6\commons-io-2.6.jar;"/>
    <property name="java.vm.vendor" value="Oracle Corporation"/>
    <property name="sun.arch.data.model" value="64"/>
    <property name="user.variant" value=""/>
    <property name="java.vendor.url" value="http://java.oracle.com/"/>
    <property name="user.timezone" value="Africa/Luanda"/>
    <property name="java.vm.specification.version" value="1.8"/>
    <property name="os.name" value="Windows 10"/>
    <property name="user.country" value="FR"/>
    <property name="sun.java.launcher" value="SUN_STANDARD"/>
    <property name="sun.boot.library.path" value="C:\Program Files\Java\jdk1.8.0_162\jre\bin"/>
    <property name="sun.java.command" value="C:\Users\BRICED~1\AppData\Local\Temp\surefire4116862532691910742\surefirebooter289101487220093923.jar C:\Users\Brice Dylane\AppData\Local\Temp\surefire4116862532691910742 2020-05-24T19-05-25_044-jvmRun1 surefire2018491413649136343tmp surefire_06828634908624920637tmp"/>
    <property name="surefire.test.class.path" value="E:\projet_Formulaire\target\test-classes;E:\projet_Formulaire\target\classes;C:\Users\Brice Dylane\.m2\repository\junit\junit\4.11\junit-4.11.jar;C:\Users\Brice Dylane\.m2\repository\org\hamcrest\hamcrest-core\1.3\hamcrest-core-1.3.jar;C:\Users\Brice Dylane\.m2\repository\javax\servlet\servlet-api\2.5\servlet-api-2.5.jar;C:\Users\Brice Dylane\.m2\repository\javax\servlet\jstl\1.2\jstl-1.2.jar;C:\Users\Brice Dylane\.m2\repository\javax\javaee-api\8.0.1\javaee-api-8.0.1.jar;C:\Users\Brice Dylane\.m2\repository\com\sun\mail\javax.mail\1.6.2\javax.mail-1.6.2.jar;C:\Users\Brice Dylane\.m2\repository\javax\activation\activation\1.1\activation-1.1.jar;C:\Users\Brice Dylane\.m2\repository\mysql\mysql-connector-java\8.0.20\mysql-connector-java-8.0.20.jar;C:\Users\Brice Dylane\.m2\repository\com\google\protobuf\protobuf-java\3.6.1\protobuf-java-3.6.1.jar;C:\Users\Brice Dylane\.m2\repository\org\postgresql\postgresql\42.2.12\postgresql-42.2.12.jar;C:\Users\Brice Dylane\.m2\repository\com\github\jsimone\webapp-runner\9.0.11.0\webapp-runner-9.0.11.0.jar;C:\Users\Brice Dylane\.m2\repository\org\apache\tomcat\embed\tomcat-embed-core\9.0.11\tomcat-embed-core-9.0.11.jar;C:\Users\Brice Dylane\.m2\repository\org\apache\tomcat\tomcat-annotations-api\9.0.11\tomcat-annotations-api-9.0.11.jar;C:\Users\Brice Dylane\.m2\repository\org\apache\tomcat\embed\tomcat-embed-logging-juli\9.0.0.M6\tomcat-embed-logging-juli-9.0.0.M6.jar;C:\Users\Brice Dylane\.m2\repository\org\apache\tomcat\embed\tomcat-embed-jasper\9.0.11\tomcat-embed-jasper-9.0.11.jar;C:\Users\Brice Dylane\.m2\repository\org\apache\tomcat\embed\tomcat-embed-el\9.0.11\tomcat-embed-el-9.0.11.jar;C:\Users\Brice Dylane\.m2\repository\org\eclipse\jdt\ecj\3.13.102\ecj-3.13.102.jar;C:\Users\Brice Dylane\.m2\repository\org\apache\tomcat\tomcat-jasper\9.0.11\tomcat-jasper-9.0.11.jar;C:\Users\Brice Dylane\.m2\repository\org\apache\tomcat\tomcat-servlet-api\9.0.11\tomcat-servlet-api-9.0.11.jar;C:\Users\Brice Dylane\.m2\repository\org\apache\tomcat\tomcat-juli\9.0.11\tomcat-juli-9.0.11.jar;C:\Users\Brice Dylane\.m2\repository\org\apache\tomcat\tomcat-el-api\9.0.11\tomcat-el-api-9.0.11.jar;C:\Users\Brice Dylane\.m2\repository\org\apache\tomcat\tomcat-api\9.0.11\tomcat-api-9.0.11.jar;C:\Users\Brice Dylane\.m2\repository\org\apache\tomcat\tomcat-util-scan\9.0.11\tomcat-util-scan-9.0.11.jar;C:\Users\Brice Dylane\.m2\repository\org\apache\tomcat\tomcat-util\9.0.11\tomcat-util-9.0.11.jar;C:\Users\Brice Dylane\.m2\repository\org\apache\tomcat\tomcat-jasper-el\9.0.11\tomcat-jasper-el-9.0.11.jar;C:\Users\Brice Dylane\.m2\repository\org\apache\tomcat\tomcat-jsp-api\9.0.11\tomcat-jsp-api-9.0.11.jar;C:\Users\Brice Dylane\.m2\repository\org\apache\tomcat\embed\tomcat-embed-websocket\9.0.11\tomcat-embed-websocket-9.0.11.jar;C:\Users\Brice Dylane\.m2\repository\com\beust\jcommander\1.72\jcommander-1.72.jar;C:\Users\Brice Dylane\.m2\repository\commons-io\commons-io\2.6\commons-io-2.6.jar;"/>
    <property name="sun.cpu.endian" value="little"/>
    <property name="user.home" value="C:\Users\Brice Dylane"/>
    <property name="user.language" value="fr"/>
    <property name="java.specification.vendor" value="Oracle Corporation"/>
    <property name="java.home" value="C:\Program Files\Java\jdk1.8.0_162\jre"/>
    <property name="basedir" value="E:\projet_Formulaire"/>
    <property name="file.separator" value="\"/>
    <property name="line.separator" value="&#10;"/>
    <property name="java.vm.specification.vendor" value="Oracle Corporation"/>
    <property name="java.specification.name" value="Java Platform API Specification"/>
    <property name="java.awt.graphicsenv" value="sun.awt.Win32GraphicsEnvironment"/>
    <property name="surefire.real.class.path" value="C:\Users\BRICED~1\AppData\Local\Temp\surefire4116862532691910742\surefirebooter289101487220093923.jar"/>
    <property name="sun.boot.class.path" value="C:\Program Files\Java\jdk1.8.0_162\jre\lib\resources.jar;C:\Program Files\Java\jdk1.8.0_162\jre\lib\rt.jar;C:\Program Files\Java\jdk1.8.0_162\jre\lib\sunrsasign.jar;C:\Program Files\Java\jdk1.8.0_162\jre\lib\jsse.jar;C:\Program Files\Java\jdk1.8.0_162\jre\lib\jce.jar;C:\Program Files\Java\jdk1.8.0_162\jre\lib\charsets.jar;C:\Program Files\Java\jdk1.8.0_162\jre\lib\jfr.jar;C:\Program Files\Java\jdk1.8.0_162\jre\classes"/>
    <property name="user.script" value=""/>
    <property name="sun.management.compiler" value="HotSpot 64-Bit Tiered Compilers"/>
    <property name="java.runtime.version" value="1.8.0_162-b12"/>
    <property name="user.name" value="Brice Dylane"/>
    <property name="path.separator" value=";"/>
    <property name="os.version" value="10.0"/>
    <property name="java.endorsed.dirs" value="C:\Program Files\Java\jdk1.8.0_162\jre\lib\endorsed"/>
    <property name="java.runtime.name" value="Java(TM) SE Runtime Environment"/>
    <property name="file.encoding" value="Cp1252"/>
    <property name="java.vm.name" value="Java HotSpot(TM) 64-Bit Server VM"/>
    <property name="idea.version2020.1" value="true"/>
    <property name="localRepository" value="C:\Users\Brice Dylane\.m2\repository"/>
    <property name="java.vendor.url.bug" value="http://bugreport.sun.com/bugreport/"/>
    <property name="java.io.tmpdir" value="C:\Users\BRICED~1\AppData\Local\Temp\"/>
    <property name="java.version" value="1.8.0_162"/>
    <property name="user.dir" value="E:\projet_Formulaire"/>
    <property name="os.arch" value="amd64"/>
    <property name="java.vm.specification.name" value="Java Virtual Machine Specification"/>
    <property name="java.awt.printerjob" value="sun.awt.windows.WPrinterJob"/>
    <property name="sun.os.patch.level" value=""/>
    <property name="java.library.path" value="C:\Program Files\Java\jdk1.8.0_162\jre\bin;C:\WINDOWS\Sun\Java\bin;C:\WINDOWS\system32;C:\WINDOWS;C:\Program Files (x86)\NVIDIA Corporation\PhysX\Common;C:\ProgramData\Oracle\Java\javapath;C:\WINDOWS\system32;C:\WINDOWS;C:\WINDOWS\System32\Wbem;C:\WINDOWS\System32\WindowsPowerShell\v1.0\;C:\WINDOWS\System32\OpenSSH\;C:\Program Files\Git\cmd;C:\Program Files\Java\jdk1.8.0_162\bin;C:\Ruby27-x64\bin;C:\Users\Brice Dylane\AppData\Local\Microsoft\WindowsApps;C:\Program Files\heroku\bin;."/>
    <property name="java.vm.info" value="mixed mode"/>
    <property name="java.vendor" value="Oracle Corporation"/>
    <property name="java.vm.version" value="25.162-b12"/>
    <property name="java.ext.dirs" value="C:\Program Files\Java\jdk1.8.0_162\jre\lib\ext;C:\WINDOWS\Sun\Java\lib\ext"/>
    <property name="sun.io.unicode.encoding" value="UnicodeLittle"/>
    <property name="java.class.version" value="52.0"/>
  </properties>
  <testcase name="testCrypt" classname="allTest.TestFunctions" time="0.007"/>
  <testcase name="testconnection" classname="allTest.TestFunctions" time="5.647"/>
</testsuite>